make all --print-data-base --no-builtin-variables --no-builtin-rules --question
# GNU Make 3.81
# Copyright (C) 2006  Free Software Foundation, Inc.
# This is free software; see the source for copying conditions.
# There is NO warranty; not even for MERCHANTABILITY or FITNESS FOR A
# PARTICULAR PURPOSE.

# This program built for i386-apple-darwin11.3.0
 
make: *** No rule to make target `all'.  Stop.


# Make data base, printed on Tue Aug  9 20:59:08 2022

# Variables

# automatic
<D = $(patsubst %/,%,$(dir $<))
# automatic
 
?F = $(notdir $?)
# environment
ELECTRON_NO_ATTACH_CONSOLE = 1
# environment
NVM_INC = /Users/leonardobarbosa/.nvm/versions/node/v14.19.3/include/node
# automatic
?D = $(patsubst %/,%,$(dir $?))
# automatic
@D = $(patsubst %/,%,$(dir $@))
# automatic
@F = $(notdir $@)
# makefile
CURDIR := /Users/leonardobarbosa/Library/Mobile Documents/com~apple~CloudDocs/repository/urpc
# makefile
SHELL = /bin/sh
# environment
VSCODE_NLS_CONFIG = {"locale":"pt-br","availableLanguages":{"*":"pt-br"},"_languagePackId":"99f206782a767a6d08ad4d4418aea476.pt-br","_translationsConfigFile":"/Users/leonardobarbosa/Library/Application Support/Code/clp/99f206782a767a6d08ad4d4418aea476.pt-br/tcf.json","_cacheRoot":"/Users/leonardobarbosa/Library/Application Support/Code/clp/99f206782a767a6d08ad4d4418aea476.pt-br","_resolvedLanguagePackCoreLocation":"/Users/leonardobarbosa/Library/Application Support/Code/clp/99f206782a767a6d08ad4d4418aea476.pt-br/da76f93349a72022ca4670c1b84860304616aaa2","_corruptedFile":"/Users/leonardobarbosa/Library/Application Support/Code/clp/99f206782a767a6d08ad4d4418aea476.pt-br/corrupted.info","_languagePackSupport":true}
# environment
_ = /usr/bin/make
# makefile (from `makefile', line 2)
CFLAGS = -c -std=c++20
# makefile (from `makefile', line 1)
MAKEFILE_LIST :=  makefile
# environment
__CFBundleIdentifier = com.microsoft.VSCode
# environment
INFOPATH = /opt/homebrew/share/info:
# environment
VSCODE_CWD = /Users/leonardobarbosa
# environment
PATH = /Users/leonardobarbosa/.meteor:/Users/leonardobarbosa/.nvm/versions/node/v14.19.3/bin:/opt/homebrew/bin:/opt/homebrew/sbin:/usr/local/bin:/usr/bin:/bin:/usr/sbin:/sbin:/usr/local/share/dotnet:~/.dotnet/tools:/Library/Apple/usr/bin:/Applications/Wireshark.app/Contents/MacOS:/Users/leonardobarbosa/Library/Android/sdk/tools:/Users/leonardobarbosa/Library/Android/sdk/platform-tools:/Users/leonardobarbosa/Library/Android/sdk/emulator:/Users/leonardobarbosa/Library/Android/sdk/tools:/Users/leonardobarbosa/Library/Android/sdk/platform-tools
# environment
NVM_BIN = /Users/leonardobarbosa/.nvm/versions/node/v14.19.3/bin
# environment
ELECTRON_RUN_AS_NODE = 1
# environment
ANDROID_HOME = /Users/leonardobarbosa/Library/Android/sdk
# default
.FEATURES := target-specific order-only second-expansion else-if archives jobserver check-symlink
# environment
SSH_AUTH_SOCK = /private/tmp/com.apple.launchd.MxmdFc4iu4/Listeners
# automatic
%F = $(notdir $%)
# environment
PWD = /Users/leonardobarbosa/Library/Mobile Documents/com~apple~CloudDocs/repository/urpc
# environment
HOMEBREW_CELLAR = /opt/homebrew/Cellar
# environment
ORIGINAL_XDG_CURRENT_DESKTOP = undefined
# environment
MANPATH = /Users/leonardobarbosa/.nvm/versions/node/v14.19.3/share/man:/opt/homebrew/share/man::
# environment
VSCODE_AMD_ENTRYPOINT = vs/workbench/api/node/extensionHostProcess
# environment
HOME = /Users/leonardobarbosa
# default
MAKEFILEPATH := /Applications/Xcode.app/Contents/Developer/Makefiles
# environment
VSCODE_CLI = 1
# environment
VSCODE_CODE_CACHE_PATH = /Users/leonardobarbosa/Library/Application Support/Code/CachedData/da76f93349a72022ca4670c1b84860304616aaa2
# environment
LOGNAME = leonardobarbosa
# environment
APPLICATION_INSIGHTS_NO_DIAGNOSTIC_CHANNEL = true
# environment
NVM_CD_FLAGS = -q
# environment
VSCODE_HANDLES_UNCAUGHT_ERRORS = true
# automatic
^D = $(patsubst %/,%,$(dir $^))
# environment
XPC_FLAGS = 0x0
# default
MAKE = $(MAKE_COMMAND)
# default
MAKECMDGOALS := all
# environment
SHLVL = 3
# environment
JAVA_HOME = /Library/Java/JavaVirtualMachines/zulu-8.jdk/Contents/Home
# makefile (from `makefile', line 1)
EXEC = app
# default
MAKE_VERSION := 3.81
# environment
USER = leonardobarbosa
# makefile
.DEFAULT_GOAL := app
# environment
TERM_SESSION_ID = A28F3B28-D016-4A60-8247-9B9F2C1E79FC
# automatic
%D = $(patsubst %/,%,$(dir $%))
# default
MAKE_COMMAND := /Applications/Xcode.app/Contents/Developer/usr/bin/make
# makefile (from `makefile', line 4)
INC = -I ./include
# environment
TERM_PROGRAM = Apple_Terminal
# default
.VARIABLES := 
# environment
TMPDIR = /var/folders/1z/rdyj33k113qc6hrc4zkwjll80000gn/T/
# automatic
*F = $(notdir $*)
# environment
VSCODE_IPC_HOOK = /Users/leonardobarbosa/Library/Application Support/Code/1.70.0-main.sock
# environment
MallocNanoZone = 0
# makefile
MAKEFLAGS = Rrqp
# environment
MFLAGS = -Rrqp
# automatic
*D = $(patsubst %/,%,$(dir $*))
# environment
TERM_PROGRAM_VERSION = 445
# environment
NVM_DIR = /Users/leonardobarbosa/.nvm
# environment
XPC_SERVICE_NAME = application.com.microsoft.VSCode.32501246.32501252.202CF2D7-F907-41A9-A696-18574905D9D1
# environment
HOMEBREW_PREFIX = /opt/homebrew
# automatic
+D = $(patsubst %/,%,$(dir $+))
# automatic
+F = $(notdir $+)
# environment
HOMEBREW_REPOSITORY = /opt/homebrew
# environment
__CF_USER_TEXT_ENCODING = 0x1F5:0x0:0x47
# environment
COMMAND_MODE = unix2003
# default
MAKEFILES := 
# automatic
<F = $(notdir $<)
# environment
ANDROID_SDK_ROOT = /Users/leonardobarbosa/Library/Android/sdk
# environment
LC_ALL = C
# automatic
^F = $(notdir $^)
# default
SUFFIXES := 
# environment
MAKELEVEL := 0
# environment
LANG = C
# environment
TERM = xterm-256color
# environment
VSCODE_PID = 62181
# variable set hash-table stats:
# Load=78/1024=8%, Rehash=0, Collisions=1/104=1%

# Pattern-specific Variable Values

# No pattern-specific variable values.

# Directories

# . (device 16777231, inode 33733691): 9 files, no impossibilities.

# 9 files, no impossibilities in 1 directories.

# Implicit Rules

# No implicit rules.

# Files

# Not a target:
all:
#  Command-line target.
#  Implicit rule search has been done.
#  File does not exist.
#  File has not been updated.
# variable set hash-table stats:
# Load=0/32=0%, Rehash=0, Collisions=0/0=0%

serialize.o: include/serialize/serialize.hpp include/serialize/serialize.cpp
#  Implicit rule search has not been done.
#  Modification time never checked.
#  File has not been updated.
#  commands to execute (from `makefile', line 13):
	@g++ ${CFLAGS} include/serialize/serialize.cpp
	

# Not a target:
.SUFFIXES:
#  Implicit rule search has not been done.
#  Modification time never checked.
#  File has not been updated.

app: main.o serialize.o unserialize.o
#  Implicit rule search has not been done.
#  Modification time never checked.
#  File has not been updated.
#  commands to execute (from `makefile', line 7):
	@g++ main.o serialize.o unserialize.o -o ${EXEC} ${INC}
	

# Not a target:
makefile:
#  Implicit rule search has been done.
#  Last modified 2022-08-09 20:59:05
#  File has been updated.
#  Successfully updated.
# variable set hash-table stats:
# Load=0/32=0%, Rehash=0, Collisions=0/0=0%

# Not a target:
main.cpp:
#  Implicit rule search has not been done.
#  Modification time never checked.
#  File has not been updated.

# Not a target:
include/unserialize/unserialize.cpp:
#  Implicit rule search has not been done.
#  Modification time never checked.
#  File has not been updated.

# Not a target:
.DEFAULT:
#  Implicit rule search has not been done.
#  Modification time never checked.
#  File has not been updated.

# Not a target:
include/serialize/serialize.cpp:
#  Implicit rule search has not been done.
#  Modification time never checked.
#  File has not been updated.

run: app
#  Implicit rule search has not been done.
#  Modification time never checked.
#  File has not been updated.
#  commands to execute (from `makefile', line 19):
	@./${EXEC}
	

# Not a target:
include/unserialize/unserialize.hpp:
#  Implicit rule search has not been done.
#  Modification time never checked.
#  File has not been updated.

clean:
#  Implicit rule search has not been done.
#  Modification time never checked.
#  File has not been updated.
#  commands to execute (from `makefile', line 22):
	@rm -f main.o serialize.o unserialize.o
	

# Not a target:
include/serialize/serialize.hpp:
#  Implicit rule search has not been done.
#  Modification time never checked.
#  File has not been updated.

main.o: main.cpp serialize.o unserialize.o
#  Implicit rule search has not been done.
#  Modification time never checked.
#  File has not been updated.
#  commands to execute (from `makefile', line 10):
 
	@g++ ${CFLAGS} main.cpp  ${INC}
	

cleanall:
#  Implicit rule search has not been done.
#  Modification time never checked.
#  File has not been updated.
#  commands to execute (from `makefile', line 25):
	@rm -f main.o serialize.o unserialize.o app ${EXEC}
	

All: app
#  Implicit rule search has not been done.
#  Modification time never checked.
#  File has not been updated.

unserialize.o: include/unserialize/unserialize.hpp include/unserialize/unserialize.cpp
#  Implicit rule search has not been done.
#  Modification time never checked.
#  File has not been updated.
#  commands to execute (from `makefile', line 16):
	@g++ ${CFLAGS} include/unserialize/unserialize.cpp
	

# files hash-table stats:
# Load=17/1024=2%, Rehash=0, Collisions=1/41=2%
# VPATH Search Paths

# No `vpath' search paths.

# No general (`VPATH' variable) search path.

# # of strings in strcache: 1
# # of strcache buffers: 1
# strcache size: total = 4096 / max = 4096 / min = 4096 / avg = 4096
# strcache free: total = 4087 / max = 4087 / min = 4087 / avg = 4087

# Finished Make data base on Tue Aug  9 20:59:08 2022

 
